17:55:17.629 [main] DEBUG org.apache.poi.openxml4j.opc.PackageRelationshipCollection - Parsing relationship: /_rels/.rels
17:55:17.645 [main] DEBUG org.apache.poi.openxml4j.opc.PackageRelationshipCollection - Parsing relationship: /xl/_rels/workbook.xml.rels
17:55:17.645 [main] DEBUG org.apache.poi.openxml4j.opc.PackageRelationshipCollection - Parsing relationship: /xl/worksheets/_rels/sheet1.xml.rels
17:55:17.645 [main] DEBUG org.apache.poi.openxml4j.opc.PackageRelationshipCollection - Parsing relationship: /_rels/.rels
17:55:17.661 [main] INFO  testCases.LoginTest - *****Login Test Case is Started*****
17:55:17.661 [main] INFO  testCases.LoginTest - *****Clicked on Sign In Page*****
17:55:18.822 [main] INFO  testCases.LoginTest - *****Entering Login details*****
17:55:19.148 [main] INFO  testCases.LoginTest - *****Click on Login button*****
17:55:26.184 [main] INFO  testCases.LoginTest - *****Login Test Case is Passed with Valid Data*****
17:55:32.637 [main] INFO  testCases.LoginTest - *****Login Test Case Executed *****
17:55:32.638 [main] INFO  testCases.LoginTest - *****Login Test Case is Started*****
17:55:32.638 [main] INFO  testCases.LoginTest - *****Clicked on Sign In Page*****
17:55:33.441 [main] INFO  testCases.LoginTest - *****Entering Login details*****
17:55:33.659 [main] INFO  testCases.LoginTest - *****Click on Login button*****
17:55:40.262 [main] INFO  testCases.LoginTest - *****Login Test Case is Passed with InValid Data*****
17:55:45.268 [main] INFO  testCases.LoginTest - *****Login Test Case Executed *****
17:55:45.274 [main] INFO  testCases.LoginTest - *****Login Test Case is Started*****
17:55:45.274 [main] INFO  testCases.LoginTest - *****Clicked on Sign In Page*****
17:55:46.981 [main] INFO  testCases.LoginTest - *****Entering Login details*****
17:55:47.230 [main] INFO  testCases.LoginTest - *****Click on Login button*****
17:55:53.771 [main] INFO  testCases.LoginTest - *****Login Test Case is Passed with InValid Data*****
17:55:58.785 [main] INFO  testCases.LoginTest - *****Login Test Case Executed *****
17:55:58.785 [main] INFO  testCases.LoginTest - *****Login Test Case is Started*****
17:55:58.785 [main] INFO  testCases.LoginTest - *****Clicked on Sign In Page*****
17:56:00.430 [main] INFO  testCases.LoginTest - *****Entering Login details*****
17:56:00.671 [main] INFO  testCases.LoginTest - *****Click on Login button*****
17:56:07.395 [main] INFO  testCases.LoginTest - *****Login Test Case is Passed with InValid Data*****
17:56:12.408 [main] INFO  testCases.LoginTest - *****Login Test Case Executed *****
17:56:12.408 [main] INFO  testCases.LoginTest - *****Login Test Case is Started*****
17:56:12.408 [main] INFO  testCases.LoginTest - *****Clicked on Sign In Page*****
17:56:14.151 [main] INFO  testCases.LoginTest - *****Entering Login details*****
17:56:14.389 [main] INFO  testCases.LoginTest - *****Click on Login button*****
17:56:21.086 [main] INFO  testCases.LoginTest - *****Login Test Case is Passed with Valid Data*****
17:56:27.561 [main] INFO  testCases.LoginTest - *****Login Test Case Executed *****
